Feb 15, 2017 8:55:28 PM org.apache.catalina.startup.VersionLoggerListener log
INFO: Server version:        Apache Tomcat/7.0.75
Feb 15, 2017 8:55:28 PM org.apache.catalina.startup.VersionLoggerListener log
INFO: Server built:          Jan 18 2017 20:54:42 UTC
Feb 15, 2017 8:55:28 PM org.apache.catalina.startup.VersionLoggerListener log
INFO: Server number:         7.0.75.0
Feb 15, 2017 8:55:28 PM org.apache.catalina.startup.VersionLoggerListener log
INFO: OS Name:               Mac OS X
Feb 15, 2017 8:55:28 PM org.apache.catalina.startup.VersionLoggerListener log
INFO: OS Version:            10.12.3
Feb 15, 2017 8:55:28 PM org.apache.catalina.startup.VersionLoggerListener log
INFO: Architecture:          x86_64
Feb 15, 2017 8:55:28 PM org.apache.catalina.startup.VersionLoggerListener log
INFO: Java Home:             /Library/Java/JavaVirtualMachines/jdk1.8.0_121.jdk/Contents/Home/jre
Feb 15, 2017 8:55:28 PM org.apache.catalina.startup.VersionLoggerListener log
INFO: JVM Version:           1.8.0_121-b13
Feb 15, 2017 8:55:28 PM org.apache.catalina.startup.VersionLoggerListener log
INFO: JVM Vendor:            Oracle Corporation
Feb 15, 2017 8:55:28 PM org.apache.catalina.startup.VersionLoggerListener log
INFO: CATALINA_BASE:         /Users/kulpreetsingh/Downloads/apache-tomcat-7.0.75
Feb 15, 2017 8:55:28 PM org.apache.catalina.startup.VersionLoggerListener log
INFO: CATALINA_HOME:         /Users/kulpreetsingh/Downloads/apache-tomcat-7.0.75
Feb 15, 2017 8:55:28 PM org.apache.catalina.startup.VersionLoggerListener log
INFO: Command line argument: -Djava.util.logging.config.file=/Users/kulpreetsingh/Downloads/apache-tomcat-7.0.75/conf/logging.properties
Feb 15, 2017 8:55:28 PM org.apache.catalina.startup.VersionLoggerListener log
INFO: Command line argument: -Djava.util.logging.manager=org.apache.juli.ClassLoaderLogManager
Feb 15, 2017 8:55:28 PM org.apache.catalina.startup.VersionLoggerListener log
INFO: Command line argument: -Djdk.tls.ephemeralDHKeySize=2048
Feb 15, 2017 8:55:28 PM org.apache.catalina.startup.VersionLoggerListener log
INFO: Command line argument: -Djava.endorsed.dirs=/Users/kulpreetsingh/Downloads/apache-tomcat-7.0.75/endorsed
Feb 15, 2017 8:55:28 PM org.apache.catalina.startup.VersionLoggerListener log
INFO: Command line argument: -Dcatalina.base=/Users/kulpreetsingh/Downloads/apache-tomcat-7.0.75
Feb 15, 2017 8:55:28 PM org.apache.catalina.startup.VersionLoggerListener log
INFO: Command line argument: -Dcatalina.home=/Users/kulpreetsingh/Downloads/apache-tomcat-7.0.75
Feb 15, 2017 8:55:28 PM org.apache.catalina.startup.VersionLoggerListener log
INFO: Command line argument: -Djava.io.tmpdir=/Users/kulpreetsingh/Downloads/apache-tomcat-7.0.75/temp
Feb 15, 2017 8:55:28 PM org.apache.catalina.core.AprLifecycleListener lifecycleEvent
INFO: The APR based Apache Tomcat Native library which allows optimal performance in production environments was not found on the java.library.path: /Users/kulpreetsingh/Library/Java/Extensions:/Library/Java/Extensions:/Network/Library/Java/Extensions:/System/Library/Java/Extensions:/usr/lib/java:.
Feb 15, 2017 8:55:28 PM org.apache.coyote.AbstractProtocol init
INFO: Initializing ProtocolHandler ["http-bio-8080"]
Feb 15, 2017 8:55:28 PM org.apache.coyote.AbstractProtocol init
SEVERE: Failed to initialize end point associated with ProtocolHandler ["http-bio-8080"]
java.net.BindException: Address already in use (Bind failed) <null>:8080
	at org.apache.tomcat.util.net.JIoEndpoint.bind(JIoEndpoint.java:413)
	at org.apache.tomcat.util.net.AbstractEndpoint.init(AbstractEndpoint.java:715)
	at org.apache.coyote.AbstractProtocol.init(AbstractProtocol.java:452)
	at org.apache.coyote.http11.AbstractHttp11JsseProtocol.init(AbstractHttp11JsseProtocol.java:119)
	at org.apache.catalina.connector.Connector.initInternal(Connector.java:978)
	at org.apache.catalina.util.LifecycleBase.init(LifecycleBase.java:102)
	at org.apache.catalina.core.StandardService.initInternal(StandardService.java:560)
	at org.apache.catalina.util.LifecycleBase.init(LifecycleBase.java:102)
	at org.apache.catalina.core.StandardServer.initInternal(StandardServer.java:840)
	at org.apache.catalina.util.LifecycleBase.init(LifecycleBase.java:102)
	at org.apache.catalina.startup.Catalina.load(Catalina.java:642)
	at org.apache.catalina.startup.Catalina.load(Catalina.java:667)
	at sun.reflect.NativeMethodAccessorImpl.invoke0(Native Method)
	at sun.reflect.NativeMethodAccessorImpl.invoke(NativeMethodAccessorImpl.java:62)
	at sun.reflect.DelegatingMethodAccessorImpl.invoke(DelegatingMethodAccessorImpl.java:43)
	at java.lang.reflect.Method.invoke(Method.java:498)
	at org.apache.catalina.startup.Bootstrap.load(Bootstrap.java:253)
	at org.apache.catalina.startup.Bootstrap.main(Bootstrap.java:427)
Caused by: java.net.BindException: Address already in use (Bind failed)
	at java.net.PlainSocketImpl.socketBind(Native Method)
	at java.net.AbstractPlainSocketImpl.bind(AbstractPlainSocketImpl.java:387)
	at java.net.ServerSocket.bind(ServerSocket.java:375)
	at java.net.ServerSocket.<init>(ServerSocket.java:237)
	at java.net.ServerSocket.<init>(ServerSocket.java:181)
	at org.apache.tomcat.util.net.DefaultServerSocketFactory.createSocket(DefaultServerSocketFactory.java:49)
	at org.apache.tomcat.util.net.JIoEndpoint.bind(JIoEndpoint.java:400)
	... 17 more

Feb 15, 2017 8:55:28 PM org.apache.catalina.core.StandardService initInternal
SEVERE: Failed to initialize connector [Connector[HTTP/1.1-8080]]
org.apache.catalina.LifecycleException: Failed to initialize component [Connector[HTTP/1.1-8080]]
	at org.apache.catalina.util.LifecycleBase.init(LifecycleBase.java:107)
	at org.apache.catalina.core.StandardService.initInternal(StandardService.java:560)
	at org.apache.catalina.util.LifecycleBase.init(LifecycleBase.java:102)
	at org.apache.catalina.core.StandardServer.initInternal(StandardServer.java:840)
	at org.apache.catalina.util.LifecycleBase.init(LifecycleBase.java:102)
	at org.apache.catalina.startup.Catalina.load(Catalina.java:642)
	at org.apache.catalina.startup.Catalina.load(Catalina.java:667)
	at sun.reflect.NativeMethodAccessorImpl.invoke0(Native Method)
	at sun.reflect.NativeMethodAccessorImpl.invoke(NativeMethodAccessorImpl.java:62)
	at sun.reflect.DelegatingMethodAccessorImpl.invoke(DelegatingMethodAccessorImpl.java:43)
	at java.lang.reflect.Method.invoke(Method.java:498)
	at org.apache.catalina.startup.Bootstrap.load(Bootstrap.java:253)
	at org.apache.catalina.startup.Bootstrap.main(Bootstrap.java:427)
Caused by: org.apache.catalina.LifecycleException: Protocol handler initialization failed
	at org.apache.catalina.connector.Connector.initInternal(Connector.java:980)
	at org.apache.catalina.util.LifecycleBase.init(LifecycleBase.java:102)
	... 12 more
Caused by: java.net.BindException: Address already in use (Bind failed) <null>:8080
	at org.apache.tomcat.util.net.JIoEndpoint.bind(JIoEndpoint.java:413)
	at org.apache.tomcat.util.net.AbstractEndpoint.init(AbstractEndpoint.java:715)
	at org.apache.coyote.AbstractProtocol.init(AbstractProtocol.java:452)
	at org.apache.coyote.http11.AbstractHttp11JsseProtocol.init(AbstractHttp11JsseProtocol.java:119)
	at org.apache.catalina.connector.Connector.initInternal(Connector.java:978)
	... 13 more
Caused by: java.net.BindException: Address already in use (Bind failed)
	at java.net.PlainSocketImpl.socketBind(Native Method)
	at java.net.AbstractPlainSocketImpl.bind(AbstractPlainSocketImpl.java:387)
	at java.net.ServerSocket.bind(ServerSocket.java:375)
	at java.net.ServerSocket.<init>(ServerSocket.java:237)
	at java.net.ServerSocket.<init>(ServerSocket.java:181)
	at org.apache.tomcat.util.net.DefaultServerSocketFactory.createSocket(DefaultServerSocketFactory.java:49)
	at org.apache.tomcat.util.net.JIoEndpoint.bind(JIoEndpoint.java:400)
	... 17 more

Feb 15, 2017 8:55:28 PM org.apache.coyote.AbstractProtocol init
INFO: Initializing ProtocolHandler ["ajp-bio-8009"]
Feb 15, 2017 8:55:28 PM org.apache.catalina.startup.Catalina load
INFO: Initialization processed in 487 ms
Feb 15, 2017 8:55:28 PM org.apache.catalina.core.StandardService startInternal
INFO: Starting service Catalina
Feb 15, 2017 8:55:28 PM org.apache.catalina.core.StandardEngine startInternal
INFO: Starting Servlet Engine: Apache Tomcat/7.0.75
Feb 15, 2017 8:55:28 PM org.apache.catalina.startup.HostConfig deployDirectory
INFO: Deploying web application directory /Users/kulpreetsingh/Downloads/apache-tomcat-7.0.75/webapps/docs
Feb 15, 2017 8:55:28 PM org.apache.catalina.startup.HostConfig deployDirectory
INFO: Deployment of web application directory /Users/kulpreetsingh/Downloads/apache-tomcat-7.0.75/webapps/docs has finished in 199 ms
Feb 15, 2017 8:55:28 PM org.apache.catalina.startup.HostConfig deployDirectory
INFO: Deploying web application directory /Users/kulpreetsingh/Downloads/apache-tomcat-7.0.75/webapps/examples
Feb 15, 2017 8:55:28 PM org.apache.catalina.startup.HostConfig deployDirectory
INFO: Deployment of web application directory /Users/kulpreetsingh/Downloads/apache-tomcat-7.0.75/webapps/examples has finished in 166 ms
Feb 15, 2017 8:55:28 PM org.apache.catalina.startup.HostConfig deployDirectory
INFO: Deploying web application directory /Users/kulpreetsingh/Downloads/apache-tomcat-7.0.75/webapps/host-manager
Feb 15, 2017 8:55:28 PM org.apache.catalina.startup.HostConfig deployDirectory
INFO: Deployment of web application directory /Users/kulpreetsingh/Downloads/apache-tomcat-7.0.75/webapps/host-manager has finished in 36 ms
Feb 15, 2017 8:55:28 PM org.apache.catalina.startup.HostConfig deployDirectory
INFO: Deploying web application directory /Users/kulpreetsingh/Downloads/apache-tomcat-7.0.75/webapps/manager
Feb 15, 2017 8:55:28 PM org.apache.catalina.startup.HostConfig deployDirectory
INFO: Deployment of web application directory /Users/kulpreetsingh/Downloads/apache-tomcat-7.0.75/webapps/manager has finished in 30 ms
Feb 15, 2017 8:55:28 PM org.apache.catalina.startup.HostConfig deployDirectory
INFO: Deploying web application directory /Users/kulpreetsingh/Downloads/apache-tomcat-7.0.75/webapps/ROOT
Feb 15, 2017 8:55:28 PM org.apache.catalina.startup.HostConfig deployDirectory
INFO: Deployment of web application directory /Users/kulpreetsingh/Downloads/apache-tomcat-7.0.75/webapps/ROOT has finished in 18 ms
Feb 15, 2017 8:55:28 PM org.apache.coyote.AbstractProtocol start
INFO: Starting ProtocolHandler ["ajp-bio-8009"]
Feb 15, 2017 8:55:28 PM org.apache.catalina.startup.Catalina start
INFO: Server startup in 485 ms
Feb 15, 2017 8:56:58 PM org.apache.catalina.startup.HostConfig deployDirectory
INFO: Deploying web application directory /Users/kulpreetsingh/Downloads/apache-tomcat-7.0.75/webapps/src
Feb 15, 2017 8:56:58 PM org.apache.catalina.startup.HostConfig deployDirectory
INFO: Deployment of web application directory /Users/kulpreetsingh/Downloads/apache-tomcat-7.0.75/webapps/src has finished in 33 ms
Feb 15, 2017 8:57:28 PM org.apache.catalina.startup.HostConfig deployDirectory
INFO: Deploying web application directory /Users/kulpreetsingh/Downloads/apache-tomcat-7.0.75/webapps/NewApp
Feb 15, 2017 8:57:28 PM org.apache.catalina.startup.HostConfig deployDirectory
INFO: Deployment of web application directory /Users/kulpreetsingh/Downloads/apache-tomcat-7.0.75/webapps/NewApp has finished in 23 ms
Feb 15, 2017 8:57:49 PM org.apache.catalina.startup.HostConfig undeploy
INFO: Undeploying context [/src]
Feb 15, 2017 9:01:35 PM org.apache.catalina.core.StandardServer await
INFO: A valid shutdown command was received via the shutdown port. Stopping the Server instance.
Feb 15, 2017 9:01:35 PM org.apache.coyote.AbstractProtocol pause
INFO: Pausing ProtocolHandler ["http-bio-8080"]
Feb 15, 2017 9:01:35 PM org.apache.coyote.AbstractProtocol pause
INFO: Pausing ProtocolHandler ["ajp-bio-8009"]
Feb 15, 2017 9:01:35 PM org.apache.catalina.core.StandardService stopInternal
INFO: Stopping service Catalina
Feb 15, 2017 9:01:35 PM org.apache.coyote.AbstractProtocol stop
INFO: Stopping ProtocolHandler ["ajp-bio-8009"]
Feb 15, 2017 9:01:35 PM org.apache.coyote.AbstractProtocol stop
INFO: Stopping ProtocolHandler ["http-bio-8080"]
Feb 15, 2017 9:01:35 PM org.apache.coyote.AbstractProtocol destroy
INFO: Destroying ProtocolHandler ["http-bio-8080"]
Feb 15, 2017 9:01:35 PM org.apache.coyote.AbstractProtocol destroy
INFO: Destroying ProtocolHandler ["ajp-bio-8009"]
Feb 15, 2017 9:01:41 PM org.apache.catalina.startup.VersionLoggerListener log
INFO: Server version:        Apache Tomcat/7.0.75
Feb 15, 2017 9:01:41 PM org.apache.catalina.startup.VersionLoggerListener log
INFO: Server built:          Jan 18 2017 20:54:42 UTC
Feb 15, 2017 9:01:41 PM org.apache.catalina.startup.VersionLoggerListener log
INFO: Server number:         7.0.75.0
Feb 15, 2017 9:01:41 PM org.apache.catalina.startup.VersionLoggerListener log
INFO: OS Name:               Mac OS X
Feb 15, 2017 9:01:41 PM org.apache.catalina.startup.VersionLoggerListener log
INFO: OS Version:            10.12.3
Feb 15, 2017 9:01:41 PM org.apache.catalina.startup.VersionLoggerListener log
INFO: Architecture:          x86_64
Feb 15, 2017 9:01:41 PM org.apache.catalina.startup.VersionLoggerListener log
INFO: Java Home:             /Library/Java/JavaVirtualMachines/jdk1.8.0_121.jdk/Contents/Home/jre
Feb 15, 2017 9:01:41 PM org.apache.catalina.startup.VersionLoggerListener log
INFO: JVM Version:           1.8.0_121-b13
Feb 15, 2017 9:01:41 PM org.apache.catalina.startup.VersionLoggerListener log
INFO: JVM Vendor:            Oracle Corporation
Feb 15, 2017 9:01:41 PM org.apache.catalina.startup.VersionLoggerListener log
INFO: CATALINA_BASE:         /Users/kulpreetsingh/Downloads/apache-tomcat-7.0.75
Feb 15, 2017 9:01:41 PM org.apache.catalina.startup.VersionLoggerListener log
INFO: CATALINA_HOME:         /Users/kulpreetsingh/Downloads/apache-tomcat-7.0.75
Feb 15, 2017 9:01:41 PM org.apache.catalina.startup.VersionLoggerListener log
INFO: Command line argument: -Djava.util.logging.config.file=/Users/kulpreetsingh/Downloads/apache-tomcat-7.0.75/conf/logging.properties
Feb 15, 2017 9:01:41 PM org.apache.catalina.startup.VersionLoggerListener log
INFO: Command line argument: -Djava.util.logging.manager=org.apache.juli.ClassLoaderLogManager
Feb 15, 2017 9:01:41 PM org.apache.catalina.startup.VersionLoggerListener log
INFO: Command line argument: -Djdk.tls.ephemeralDHKeySize=2048
Feb 15, 2017 9:01:41 PM org.apache.catalina.startup.VersionLoggerListener log
INFO: Command line argument: -Djava.endorsed.dirs=/Users/kulpreetsingh/Downloads/apache-tomcat-7.0.75/endorsed
Feb 15, 2017 9:01:41 PM org.apache.catalina.startup.VersionLoggerListener log
INFO: Command line argument: -Dcatalina.base=/Users/kulpreetsingh/Downloads/apache-tomcat-7.0.75
Feb 15, 2017 9:01:41 PM org.apache.catalina.startup.VersionLoggerListener log
INFO: Command line argument: -Dcatalina.home=/Users/kulpreetsingh/Downloads/apache-tomcat-7.0.75
Feb 15, 2017 9:01:41 PM org.apache.catalina.startup.VersionLoggerListener log
INFO: Command line argument: -Djava.io.tmpdir=/Users/kulpreetsingh/Downloads/apache-tomcat-7.0.75/temp
Feb 15, 2017 9:01:41 PM org.apache.catalina.core.AprLifecycleListener lifecycleEvent
INFO: The APR based Apache Tomcat Native library which allows optimal performance in production environments was not found on the java.library.path: /Users/kulpreetsingh/Library/Java/Extensions:/Library/Java/Extensions:/Network/Library/Java/Extensions:/System/Library/Java/Extensions:/usr/lib/java:.
Feb 15, 2017 9:01:41 PM org.apache.coyote.AbstractProtocol init
INFO: Initializing ProtocolHandler ["http-bio-8085"]
Feb 15, 2017 9:01:41 PM org.apache.coyote.AbstractProtocol init
INFO: Initializing ProtocolHandler ["ajp-bio-8009"]
Feb 15, 2017 9:01:41 PM org.apache.catalina.startup.Catalina load
INFO: Initialization processed in 399 ms
Feb 15, 2017 9:01:41 PM org.apache.catalina.core.StandardService startInternal
INFO: Starting service Catalina
Feb 15, 2017 9:01:41 PM org.apache.catalina.core.StandardEngine startInternal
INFO: Starting Servlet Engine: Apache Tomcat/7.0.75
Feb 15, 2017 9:01:41 PM org.apache.catalina.startup.HostConfig deployDirectory
INFO: Deploying web application directory /Users/kulpreetsingh/Downloads/apache-tomcat-7.0.75/webapps/docs
Feb 15, 2017 9:01:41 PM org.apache.catalina.startup.HostConfig deployDirectory
INFO: Deployment of web application directory /Users/kulpreetsingh/Downloads/apache-tomcat-7.0.75/webapps/docs has finished in 187 ms
Feb 15, 2017 9:01:41 PM org.apache.catalina.startup.HostConfig deployDirectory
INFO: Deploying web application directory /Users/kulpreetsingh/Downloads/apache-tomcat-7.0.75/webapps/examples
Feb 15, 2017 9:01:42 PM org.apache.catalina.startup.HostConfig deployDirectory
INFO: Deployment of web application directory /Users/kulpreetsingh/Downloads/apache-tomcat-7.0.75/webapps/examples has finished in 161 ms
Feb 15, 2017 9:01:42 PM org.apache.catalina.startup.HostConfig deployDirectory
INFO: Deploying web application directory /Users/kulpreetsingh/Downloads/apache-tomcat-7.0.75/webapps/host-manager
Feb 15, 2017 9:01:42 PM org.apache.catalina.startup.HostConfig deployDirectory
INFO: Deployment of web application directory /Users/kulpreetsingh/Downloads/apache-tomcat-7.0.75/webapps/host-manager has finished in 32 ms
Feb 15, 2017 9:01:42 PM org.apache.catalina.startup.HostConfig deployDirectory
INFO: Deploying web application directory /Users/kulpreetsingh/Downloads/apache-tomcat-7.0.75/webapps/manager
Feb 15, 2017 9:01:42 PM org.apache.catalina.startup.HostConfig deployDirectory
INFO: Deployment of web application directory /Users/kulpreetsingh/Downloads/apache-tomcat-7.0.75/webapps/manager has finished in 26 ms
Feb 15, 2017 9:01:42 PM org.apache.catalina.startup.HostConfig deployDirectory
INFO: Deploying web application directory /Users/kulpreetsingh/Downloads/apache-tomcat-7.0.75/webapps/NewApp
Feb 15, 2017 9:01:42 PM org.apache.catalina.startup.HostConfig deployDirectory
INFO: Deployment of web application directory /Users/kulpreetsingh/Downloads/apache-tomcat-7.0.75/webapps/NewApp has finished in 23 ms
Feb 15, 2017 9:01:42 PM org.apache.catalina.startup.HostConfig deployDirectory
INFO: Deploying web application directory /Users/kulpreetsingh/Downloads/apache-tomcat-7.0.75/webapps/ROOT
Feb 15, 2017 9:01:42 PM org.apache.catalina.startup.HostConfig deployDirectory
INFO: Deployment of web application directory /Users/kulpreetsingh/Downloads/apache-tomcat-7.0.75/webapps/ROOT has finished in 23 ms
Feb 15, 2017 9:01:42 PM org.apache.coyote.AbstractProtocol start
INFO: Starting ProtocolHandler ["http-bio-8085"]
Feb 15, 2017 9:01:42 PM org.apache.coyote.AbstractProtocol start
INFO: Starting ProtocolHandler ["ajp-bio-8009"]
Feb 15, 2017 9:01:42 PM org.apache.catalina.startup.Catalina start
INFO: Server startup in 485 ms
